[debug] [2019-04-07T16:22:58.123Z] ----------------------------------------------------------------------
[debug] [2019-04-07T16:22:58.128Z] Command:       D:\node\node.exe C:\Users\Thanh\AppData\Roaming\npm\node_modules\firebase-tools\lib\bin\firebase.js deploy
[debug] [2019-04-07T16:22:58.128Z] CLI Version:   6.5.2
[debug] [2019-04-07T16:22:58.128Z] Platform:      win32
[debug] [2019-04-07T16:22:58.128Z] Node Version:  v10.15.3
[debug] [2019-04-07T16:22:58.129Z] Time:          Sun Apr 07 2019 19:22:58 GMT+0300 (Eastern European Summer Time)
[debug] [2019-04-07T16:22:58.130Z] ----------------------------------------------------------------------
[debug] 
[debug] [2019-04-07T16:22:58.271Z] > command requires scopes: ["email","openid","https://www.googleapis.com/auth/cloudplatformprojects.readonly","https://www.googleapis.com/auth/firebase","https://www.googleapis.com/auth/cloud-platform"]
[debug] [2019-04-07T16:22:58.271Z] > authorizing via signed-in user
[debug] [2019-04-07T16:22:58.271Z] [iam] checking project my-blog-78a33 for permissions ["cloudfunctions.functions.create","cloudfunctions.functions.delete","cloudfunctions.functions.get","cloudfunctions.functions.list","cloudfunctions.functions.update","cloudfunctions.operations.get","firebase.projects.get","firebasehosting.sites.update"]
[debug] [2019-04-07T16:22:58.273Z] > refreshing access token with scopes: ["email","https://www.googleapis.com/auth/cloud-platform","https://www.googleapis.com/auth/cloudplatformprojects.readonly","https://www.googleapis.com/auth/firebase","openid"]
[debug] [2019-04-07T16:22:58.274Z] >>> HTTP REQUEST POST https://www.googleapis.com/oauth2/v3/token  
 <request body omitted>
[debug] [2019-04-07T16:22:58.398Z] <<< HTTP RESPONSE 200
[debug] [2019-04-07T16:22:58.477Z] >>> HTTP REQUEST POST https://cloudresourcemanager.googleapis.com/v1/projects/my-blog-78a33:testIamPermissions  

[debug] [2019-04-07T16:22:59.384Z] <<< HTTP RESPONSE 200
[debug] [2019-04-07T16:22:59.385Z] >>> HTTP REQUEST GET https://firebase.googleapis.com/v1beta1/projects/my-blog-78a33  
 
[debug] [2019-04-07T16:22:59.670Z] <<< HTTP RESPONSE 200
[info] 
[info] === Deploying to 'my-blog-78a33'...
[info] 
[info] i  deploying functions, hosting
[debug] [2019-04-07T16:23:12.698Z] > [functions] package.json contents: {
  "name": "functions",
  "description": "Cloud Functions for Firebase",
  "scripts": {
    "serve": "firebase serve --only functions",
    "shell": "firebase functions:shell",
    "start": "npm run shell",
    "deploy": "firebase deploy --only functions",
    "logs": "firebase functions:log"
  },
  "dependencies": {
    "firebase-admin": "~7.0.0",
    "firebase-functions": "^2.2.0"
  },
  "private": true
}
[info] i  functions: ensuring necessary APIs are enabled...
[debug] [2019-04-07T16:23:12.700Z] >>> HTTP REQUEST GET https://servicemanagement.googleapis.com/v1/services/cloudfunctions.googleapis.com/projectSettings/my-blog-78a33?view=CONSUMER_VIEW  
 
[debug] [2019-04-07T16:23:12.701Z] >>> HTTP REQUEST GET https://servicemanagement.googleapis.com/v1/services/runtimeconfig.googleapis.com/projectSettings/my-blog-78a33?view=CONSUMER_VIEW  
 
[debug] [2019-04-07T16:23:14.244Z] <<< HTTP RESPONSE 200
[debug] [2019-04-07T16:23:14.266Z] <<< HTTP RESPONSE 200
[info] +  functions: all necessary APIs are enabled
[debug] [2019-04-07T16:23:14.268Z] >>> HTTP REQUEST GET https://cloudresourcemanager.googleapis.com/v1/projects/my-blog-78a33  
 
[debug] [2019-04-07T16:23:15.355Z] <<< HTTP RESPONSE 200
[debug] [2019-04-07T16:23:15.355Z] >>> HTTP REQUEST GET https://mobilesdk-pa.googleapis.com/v1/projects/463560316487:getServerAppConfig  
 
[debug] [2019-04-07T16:23:15.793Z] <<< HTTP RESPONSE 200
[debug] [2019-04-07T16:23:15.794Z] >>> HTTP REQUEST POST https://firebasehosting.googleapis.com/v1beta1/sites/my-blog-78a33/versions  

[debug] [2019-04-07T16:23:17.397Z] <<< HTTP RESPONSE 200
[info] i  functions: preparing functions directory for uploading...
[debug] [2019-04-07T16:23:17.400Z] >>> HTTP REQUEST GET https://runtimeconfig.googleapis.com/v1beta1/projects/my-blog-78a33/configs  
 
[debug] [2019-04-07T16:23:18.470Z] <<< HTTP RESPONSE 200
[info] i  functions: packaged functions (26.59 KB) for uploading
[debug] [2019-04-07T16:23:19.502Z] >>> HTTP REQUEST POST https://cloudfunctions.googleapis.com/v1/projects/my-blog-78a33/locations/us-central1/functions:generateUploadUrl  
 
[debug] [2019-04-07T16:23:20.175Z] <<< HTTP RESPONSE 200
[debug] [2019-04-07T16:23:20.176Z] >>> HTTP REQUEST PUT https://storage.googleapis.com/gcf-upload-us-central1-fc7fa31f-36e5-4b2f-8ad9-538fbbf64d7d/dbdfddd8-daab-49e9-89e6-57bde1c1a274.zip?GoogleAccessId=service-463560316487@gcf-admin-robot.iam.gserviceaccount.com&Expires=1554655998&Signature=IbW2WQewoa6V0ZRcXVQPGEw%2BVrW4jO84fh9mR7RT4OauYPcMXA59bRs30JohbZhHWJ4I6iOUPTAMdxgp8wZQN3722VuSsb1Q%2BO9kliGZWgs6MQS0rNDHW3SjerFgRdqfxPeOAbpBNM4YWJzfEluZOGTf6fKoqYrIGLBQcMPOK0mBitBxGaAp9wbGS1JGM%2FIMMyr3UHzzKBvBmb85joZVnJHn%2F%2BKmG2jIziYIK6Bhh9n%2FgVcY4vs0rWXCotdx3ntKH5Sbk7Wfq7ZMHifkg4qyPL9YByOphfVDZTebpMU9hYPAyMzyh7zBbnFKYMF5J0bPxqDxAu%2BWktrjKUoxFN2ynA%3D%3D  

[debug] [2019-04-07T16:23:20.565Z] <<< HTTP RESPONSE 200
[info] +  functions: functions folder uploaded successfully
[info] i  hosting[my-blog-78a33]: beginning deploy...
[info] i  hosting[my-blog-78a33]: found 15 files in dist
[debug] [2019-04-07T16:23:20.613Z] [hosting] hash cache [ZGlzdA] load error: lines is not defined
[debug] [2019-04-07T16:23:21.305Z] [hosting] hash cache [ZGlzdA] stored for 15 files
[debug] [2019-04-07T16:23:21.306Z] [hosting][hash queue][FINAL]
[debug] [2019-04-07T16:23:21.306Z] >>> HTTP REQUEST POST https://firebasehosting.googleapis.com/v1beta1/sites/my-blog-78a33/versions/1c2373dcde7d13a0:populateFiles  
 <request body omitted>
[debug] [2019-04-07T16:23:22.825Z] <<< HTTP RESPONSE 200
[debug] [2019-04-07T16:23:22.834Z] [hosting][populate queue][FINAL]
[debug] [2019-04-07T16:23:22.834Z] [hosting] uploads queued: 10
[debug] [2019-04-07T16:23:26.130Z] [hosting][upload queue][FINAL]
[info] +  hosting[my-blog-78a33]: file upload complete
[debug] [2019-04-07T16:23:26.132Z] [hosting] deploy completed after 5564ms
[debug] [2019-04-07T16:23:26.193Z] >>> HTTP REQUEST GET https://cloudfunctions.googleapis.com/v1/projects/my-blog-78a33/locations/-/functions  
 
[debug] [2019-04-07T16:23:26.822Z] <<< HTTP RESPONSE 200
[info] i  functions: updating Node.js 6 function helloWorld(us-central1)...
[debug] [2019-04-07T16:23:26.826Z] Trigger is:  {"httpsTrigger":{}}
[info] i  functions: updating Node.js 6 function projectCreated(us-central1)...
[debug] [2019-04-07T16:23:26.827Z] Trigger is:  {"eventTrigger":{"resource":"projects/my-blog-78a33/databases/(default)/documents/projects/{projectID}","eventType":"providers/cloud.firestore/eventTypes/document.create","service":"firestore.googleapis.com"}}
[info] i  functions: updating Node.js 6 function userJoined(us-central1)...
[debug] [2019-04-07T16:23:26.828Z] Trigger is:  {"eventTrigger":{"resource":"projects/my-blog-78a33","eventType":"providers/firebase.auth/eventTypes/user.create","service":"firebaseauth.googleapis.com"}}
[debug] [2019-04-07T16:23:26.830Z] >>> HTTP REQUEST PATCH https://cloudfunctions.googleapis.com/v1/projects/my-blog-78a33/locations/us-central1/functions/helloWorld {"updateMask":"sourceUploadUrl,name,labels,httpsTrigger"} 

[debug] [2019-04-07T16:23:26.831Z] >>> HTTP REQUEST PATCH https://cloudfunctions.googleapis.com/v1/projects/my-blog-78a33/locations/us-central1/functions/projectCreated {"updateMask":"sourceUploadUrl,name,labels,eventTrigger.resource,eventTrigger.eventType,eventTrigger.service"} 

[debug] [2019-04-07T16:23:26.831Z] >>> HTTP REQUEST PATCH https://cloudfunctions.googleapis.com/v1/projects/my-blog-78a33/locations/us-central1/functions/userJoined {"updateMask":"sourceUploadUrl,name,labels,eventTrigger.resource,eventTrigger.eventType,eventTrigger.service"} 

[debug] [2019-04-07T16:23:27.641Z] <<< HTTP RESPONSE 200
[debug] [2019-04-07T16:23:27.643Z] <<< HTTP RESPONSE 200
[debug] [2019-04-07T16:23:27.645Z] <<< HTTP RESPONSE 200
[debug] [2019-04-07T16:23:27.646Z] >>> HTTP REQUEST GET https://cloudfunctions.googleapis.com/v1/projects/my-blog-78a33/locations/-/functions  
 
